1543217460722	mozrunner::runner	INFO	Running command: "C:\\Program Files\\Mozilla Firefox\\firefox.exe" "-marionette" "-foreground" "-no-remote" "-profile" "C:\\Users\\KREATT~1\\AppData\\Local\\Temp\\rust_mozprofile.x6lDloxzpVZN"
1543217467202	Marionette	INFO	Listening on port 51519
1543217467496	Marionette	WARN	TLS certificate errors will be ignored for this session
[Parent 23848, Gecko_IOThread] WARNING: file z:/build/build/src/ipc/chromium/src/chrome/common/ipc_channel_win.cc, line 307
[Parent 23848, Gecko_IOThread] WARNING: file z:/build/build/src/ipc/chromium/src/chrome/common/ipc_channel_win.cc, line 307
[Parent 23848, Gecko_IOThread] WARNING: pipe error: 109: file z:/build/build/src/ipc/chromium/src/chrome/common/ipc_channel_win.cc, line 346
console.error: BroadcastService: 
  receivedBroadcastMessage: handler for
  remote-settings/monitor_changes
  threw error:
  Message: Error: Polling for changes failed: NetworkError when attempting to fetch resource..
  Stack:
    remoteSettingsFunction/remoteSettings.pollChanges@resource://services-settings/remote-settings.js:721:13

JavaScript error: chrome://browser/content/urlbarBindings.xml, line 2709: NS_ERROR_FAILURE: Component returned failure code: 0x80004005 (NS_ERROR_FAILURE) [nsIAutoCompleteController.getStyleAt]
[Child 24468, Chrome_ChildThread] WARNING: pipe error: 109: file z:/build/build/src/ipc/chromium/src/chrome/common/ipc_channel_win.cc, line 346
[Child 24468, Chrome_ChildThread] WARNING: pipe error: 109: fi1543218426612	Marionette	INFO	Stopped listening on port 51519
[GPU 22448, Chrom
###!!! [Child][RunMessage] Error: Channel closing: too late to send/recv, messages will be lost

e[Parent 23848, Gecko_IOThread] WARNING: pipe error: 232: file z:/build/build/src/ipc/chromium/src/chrome/common/ipc_channel_win.cc, line 513

###!!! [Child][MessageChannel::SendAndWait] Error: Channel error: cannot send/recv

/common/ipc_channel_win.cc, line 307
[Parent 23504, Gecko_IOThread] WARNING: pipe error: 109: file z:/build/build/src/ipc/chromium/src/chrome/common/ipc_channel_win.cc, line 346
[Child 24524, Chrome_ChildThread] WARNING: pipe error: 109: file z:/build/build/src/ipc/chromium/src/chrome/common/ipc_channel_win.cc, line 346
[Child 24524, Chrome_ChildThread] WARNING: pipe error: 109: file z:/build/build/src/ipc/chromium/src/chrome/common/ipc_channel_win.cc, line 346
1543218279296	Marionette	INFO	Stopped listening on port 52694

###!!! [Child][RunMessage] Error: Channel closing: too late to send/recv, messages will be lost

[GPU 
###!!! [Child][MessageChannel::SendAndWait] Error: Channel error: cannot send/recv

1543218433027	mozrunner::runner	INFO	Running command: "C:\\Program Files\\Mozilla Firefox\\firefox.exe" "-marionette" "-foreground" "-no-remote" "-profile" "C:\\Users\\KREATT~1\\AppData\\Local\\Temp\\rust_mozprofile.TInQwMbxIcDY"
1543218437531	Marionette	INFO	Listening on port 52922
1543218438021	Marionette	WARN	TLS certificate errors will be ignored for this session
[Parent 24348, Gecko_IOThread] WARNING: file z:/build/build/src/ipc/chromium/src/chrome/common/ipc_channel_win.cc, line 307
[Parent 24348, Gecko_IOThread] WARNING: file z:/build/build/src/ipc/chromium/src/chrome/common/ipc_channel_win.cc, line 307
[Parent 24348, Gecko_IOThread] WARNING: pipe error: 109: file z:/build/build/src/ipc/chromium/src/chrome/common/ipc_channel_win.cc, line 346
[Parent 24348, Gecko_IOThread] WARNING: pipe error: 109: file z:/build/build/src/ipc/chromium/src/chrome/common/ipc_channel_win.cc, line 346
[Child 22012, Chrome_ChildThread] WARNING: pipe error: 109: file z:/build/build/src/ipc/chromium/src/chrome/common/ipc_channel_win.cc, line 346
1543218563500	Marionette	INFO	Stopped listening on port 52922
[
###!!! [Child][MessageChannel::SendAndWait] Error: Channel error: cannot send/recv

1543218584229	mozrunner::runner	INFO	Running command: "C:\\Program Files\\Mozilla Firefox\\firefox.exe" "-marionette" "-foreground" "-no-remote" "-profile" "C:\\Users\\KREATT~1\\AppData\\Local\\Temp\\rust_mozprofile.e09M8xZxNfJQ"
1543218589668	Marionette	INFO	Listening on port 53072
1543218589817	Marionette	WARN	TLS certificate errors will be ignored for this session
[Parent 11508, Gecko_IOThread] WARNING: file z:/build/build/src/ipc/chromium/src/chrome/common/ipc_channel_win.cc, line 307
[Parent 11508, Gecko_IOThread] WARNING: file z:/build/build/src/ipc/chromium/src/chrome/common/ipc_channel_win.cc, line 307
[Parent 11508, Gecko_IOThread] WARNING: pipe error: 109: file z:/build/build/src/ipc/chromium/src/chrome/common/ipc_channel_win.cc, line 346
[Child 24468, Chrome_ChildThread] WARNING: pipe error: 109: file z:/build/build/src/ipc/chromium/src/chrome/common/ipc_channel_win.cc, line 346
[Child 24468, Chrome_ChildThread] WARNING[Parent 11508, Gecko_IOThread] WARNING: pipe error: 109: file z:/build/build/src/ipc/chromium/src/chrome/common/ipc_channel_win.cc, line 346
1543218669981	Marionette	INFO	Stopped listening on port 53072

###!!! [Child][RunMessage] Error: Channel closing: too late to send/recv, messages will be lost


###!!! [Child][MessageChannel::SendAndWait] Error: Channel error: cannot send/recv

1543218684459	mozrunner::runner	INFO	Running command: "C:\\Program Files\\Mozilla Firefox\\firefox.exe" "-marionette" "-foreground" "-no-remote" "-profile" "C:\\Users\\KREATT~1\\AppData\\Local\\Temp\\rust_mozprofile.SPSmv4SvU0Sh"
1543218688516	Marionette	INFO	Listening on port 53187
1543218688887	Marionette	WARN	TLS certificate errors will be ignored for this session
[Parent 17588, Gecko_IOThread] WARNING: file z:/build/build/src/ipc/chromium/src/chrome/common/ipc_channel_win.cc, line 307
[Parent 17588, Gecko_IOThread] WARNING: file z:/build/build/src/ipc/chromium/src/chrome/common/ipc_channel_win.cc, line 307
console.error: "Tried to send a 'tabDetached' event on an already destroyed actor 'frameTarget'"
[Parent 17588, Gecko_IOThread] WARNING: pipe error: 109: file z:/build/build/src/ipc/chromium/src/chrome/common/ipc_channel_win.cc, line 346
[Parent 17588, Gecko_IOThread] WARNING: pipe error: 109: file z:/build/build/src/ipc/chromium/src/chrome/common/ipc_channel_win.cc, line 346
[Child 23404, Chrome_ChildThread] WARNING: pipe error: 109: file z:/build/build/src/ipc/chromium/src/chrome/common/ipc_channel_win.cc, line 346
[Child 23404, C1543218793684	Marionette	INFO	Stopped listening on port 53187
[GPU 10820,
###!!! [Child][RunMessage] Error: Channel closing: too late to send/recv, messages will be lost

 Chrom[Parent 17588, Gecko_IOThread] WARNING: pipe error: 232: file z:/build/build/src/ipc/chromium/src/chrome/common/ipc_channel_win.cc, line 513

###!!! [Child][MessageChannel::SendAndWait] Error: Channel error: cannot send/recv

1543218799479	mozrunner::runner	INFO	Running command: "C:\\Program Files\\Mozilla Firefox\\firefox.exe" "-marionette" "-foreground" "-no-remote" "-profile" "C:\\Users\\KREATT~1\\AppData\\Local\\Temp\\rust_mozprofile.9LnqqJ2CCWw5"
1543218804195	Marionette	INFO	Listening on port 53311
1543218804658	Marionette	WARN	TLS certificate errors will be ignored for this session
[Parent 23372, Gecko_IOThread] WARNING: file z:/build/build/src/ipc/chromium/src/chrome/common/ipc_channel_win.cc, line 307
[Parent 23372, Gecko_IOThread] WARNING: file z:/build/build/src/ipc/chromium/src/chrome/common/ipc_channel_win.cc, line 307
[Parent 23372, Gecko_IOThread] WARNING: pipe error: 109: file z:/build/build/src/ipc/chromium/src/chrome/common/ipc_channel_win.cc, line 346
console.error: "Tried to send a 'tabDetached' event on an already destroyed actor 'frameTarget'"
[Parent 23372, Gecko_IOThread] WARNING: pipe error: 109: file z:/build/build/src/ipc/chromium/src/chrome/common/ipc_channel_win.cc, line 346
[Child 13852, Chrome_ChildThread] WARNING: pipe error: 109: file z:/build/build/src/ipc/chromium/src/chrome/common/ipc_channel_win.cc, line 346
[Chil1543219384258	Marionette	INFO	Stopped listening on port 53311

###!!! [Child][RunMessage] Error: Channel closing: too late to send/recv, messages will be lost

[GPU 23
###!!! [Child][MessageChannel::SendAndWait] Error: Channel error: cannot send/recv

ad] WARNING: pipe error: 109: file z:/build/build/src/ipc/chromium/src/chrome/common/ipc_channel_win.cc, line 346
[Child 21860, Chrome_ChildThread] WARNING: pipe error: 109: file z:/build/build/src/ipc/chromium/src/chrome/common/ipc_channel_win.cc, line 346
[Child 21860, Chrome_ChildThread] WARNING: pipe error: 109: file z:/build/build/s[Parent 24364, Gecko_IOThread] WARNING: pipe error: 109: file z:/build/build/src/ipc/chromium/src/chrome/common/ipc_channel_win.cc, line 346
[Child 23200, Chrome_ChildThread] WARNING: pipe error: 109: file z:/build/build/src/ipc/chromium/src/chrome/common/ipc_channel_win.cc, line 346
[C[Child 23668, Chrome_ChildThread] WARNING: pipe error: 109: file z:/build/build/src/ipc/chromium/src/chrome/common/ipc_channel_win.cc, line 346
[Chil*** UTM:SVC TimerManager:registerTimer called after profile-before-change notification. Ignoring timer registration for id: telemetry_modules_ping
1543219384279	Marionette	INFO	Stopped listening on port 53659

###!!! [Child][MessageChannel::SendAndWait] Error: Channel error: cannot send/recv

1543219396250	mozrunner::runner	INFO	Running command: "C:\\Program Files\\Mozilla Firefox\\firefox.exe" "-marionette" "-foreground" "-no-remote" "-profile" "C:\\Users\\KREATT~1\\AppData\\Local\\Temp\\rust_mozprofile.lZ27jk5CaUPv"
1543219400963	Marionette	INFO	Listening on port 53763
1543219401256	Marionette	WARN	TLS certificate errors will be ignored for this session
[Parent 22452, Gecko_IOThread] WARNING: file z:/build/build/src/ipc/chromium/src/chrome/common/ipc_channel_win.cc, line 307
[Parent 22452, Gecko_IOThread] WARNING: file z:/build/build/src/ipc/chromium/src/chrome/common/ipc_channel_win.cc, line 307
console.error: "Tried to send a 'tabDetached' event on an already destroyed actor 'frameTarget'"
[Parent 22452, Gecko_IOThread] WARNING: pipe error: 109: file z:/build/build/src/ipc/chromium/src/chrome/common/ipc_channel_win.cc, line 346
[Child 1332, Chrome_ChildThread] WARNING: pipe error: 109: file z:/build/build/src/ipc/chromium/src/chrome/common/ipc_channel_win.cc, line 346
[Ch[Child 23796, Chrome_ChildThread] WARNING: pipe error: 109: file z:/build/build/src/ipc/chromium/src/chrome/common/ipc_channel_win.cc, line 346
[Chi[Parent 22452, Gecko_IOThread] WARNING: pipe error: 109: file z:/build/build/src/ipc/chromium/src/chrome/common/ipc_channel_win.cc, line 346
1543219626440	Marionette	INFO	Stopped listening on port 53763
1543219639052	mozrunner::runner	INFO	Running command: "C:\\Program Files\\Mozilla Firefox\\firefox.exe" "-marionette" "-foreground" "-no-remote" "-profile" "C:\\Users\\KREATT~1\\AppData\\Local\\Temp\\rust_mozprofile.UIAlMti6qhaR"
1543219643563	Marionette	INFO	Listening on port 54054
1543219644109	Marionette	WARN	TLS certificate errors will be ignored for this session
[Parent 19968, Gecko_IOThread] WARNING: file z:/build/build/src/ipc/chromium/src/chrome/common/ipc_channel_win.cc, line 307
[Parent 19968, Gecko_IOThread] WARNING: file z:/build/build/src/ipc/chromium/src/chrome/common/ipc_channel_win.cc, line 307
console.error: BroadcastService: 
  receivedBroadcastMessage: handler for
  remote-settings/monitor_changes
  threw error:
  Message: Error: Polling for changes failed: NetworkError when attempting to fetch resource..
  Stack:
    remoteSettingsFunction/remoteSettings.pollChanges@resource://services-settings/remote-settings.js:721:13

[Parent 19968, Gecko_IOThread] WARNING: pipe error: 109: file z:/build/build/src/ipc/chromium/src/chrome/common/ipc_channel_win.cc, line 346
[Parent 19968, Gecko_IOThread] WARNING: pipe error: 109: file z:/build/build/src/ipc/chromium/src/chrome/common/ipc_channel_win.cc, line 346
[Parent 19968, Gecko_IOThread] WARNING: pipe error: 109: file z:/build/build/src/ipc/chromium/src/chrome/common/ipc_channel_win.cc, line 346
[Parent 19968, Gecko_IOThread] WARNING: pipe error: 109: file z:/build/build/src/ipc/chromium/src/chrome/common/ipc_channel_win.cc, line 346
[Child 480, Chrome_ChildThread] WARNING: pipe error: 109: file z:/build/build/src/ipc/chromium/src/chrome/common/ipc_channel_win.cc, line 346
1543219858826	Marionette	INFO	Stopped listening on port 54054

###!!! [Child][RunMessage] Error: Channel closing: too late to send/recv, messages will be lost

[GPU
###!!! [Child][MessageChannel::SendAndWait] Error: Channel error: cannot send/recv

1543219870100	mozrunner::runner	INFO	Running command: "C:\\Program Files\\Mozilla Firefox\\firefox.exe" "-marionette" "-foreground" "-no-remote" "-profile" "C:\\Users\\KREATT~1\\AppData\\Local\\Temp\\rust_mozprofile.7mtQBiKFFiVA"
1543219875246	Marionette	INFO	Listening on port 54329
1543219875658	Marionette	WARN	TLS certificate errors will be ignored for this session
[Parent 22532, Gecko_IOThread] WARNING: file z:/build/build/src/ipc/chromium/src/chrome/common/ipc_channel_win.cc, line 307
[Parent 22532, Gecko_IOThread] WARNING: file z:/build/build/src/ipc/chromium/src/chrome/common/ipc_channel_win.cc, line 307
[Parent 22532, Gecko_IOThread] WARNING: pipe error: 109: file z:/build/build/src/ipc/chromium/src/chrome/common/ipc_channel_win.cc, line 346
JavaScript error: resource://devtools/shared/base-loader.js -> resource://devtools/client/framework/toolbox.js, line 1272: TypeError: currentPanel is undefined
console.error: "Tried to send a 'tabDetached' event on an already destroyed actor 'frameTarget'"
[Parent 22532, Gecko_IOThread] WARNING: pipe error: 109: file z:/build/build/src/ipc/chromium/src/chrome/common/ipc_channel_win.cc, line 346
[Parent 22532, Gecko_IOThread] WARNING: pipe error: 109: file z:/build/build/src/ipc/chromium/src/chrome/common/ipc_channel_win.cc, line 346
[Child 13480, Chrome_ChildThread] WARNING: pipe error: 109: file z:/build/build/src/ipc/chromium/src/chrome/common/ipc_channel_win.cc, line 346
[Parent 22532, Gecko_IOThread] WARNING: pipe error: 109: file z:/build/build/src/ipc/chromium/src/chrome/common/ipc_channel_win.cc, line 346
[Child 5268, Chrome_ChildThread] WARNING: pipe error: 109: file z:/build/build/src/ipc/chromium/src/chrome/common/ipc_channel_win.cc, line 346
[Ch1543219986279	Marionette	INFO	Stopped listening on port 54329

###!!! [Child][MessageChannel::SendAndWait] Error: Channel error: cannot send/recv

1543219999242	mozrunner::runner	INFO	Running command: "C:\\Program Files\\Mozilla Firefox\\firefox.exe" "-marionette" "-foreground" "-no-remote" "-profile" "C:\\Users\\KREATT~1\\AppData\\Local\\Temp\\rust_mozprofile.uOYz8XZfVhAH"
1543220004227	Marionette	INFO	Listening on port 54463
1543220004443	Marionette	WARN	TLS certificate errors will be ignored for this session
[Parent 18920, Gecko_IOThread] WARNING: file z:/build/build/src/ipc/chromium/src/chrome/common/ipc_channel_win.cc, line 307
[Parent 18920, Gecko_IOThread] WARNING: file z:/build/build/src/ipc/chromium/src/chrome/common/ipc_channel_win.cc, line 307
console.error: BroadcastService: 
  receivedBroadcastMessage: handler for
  remote-settings/monitor_changes
  threw error:
  Message: Error: Polling for changes failed: NetworkError when attempting to fetch resource..
  Stack:
    remoteSettingsFunction/remoteSettings.pollChanges@resource://services-settings/remote-settings.js:721:13

[Parent 18920, Gecko_IOThread] WARNING: pipe error: 109: file z:/build/build/src/ipc/chromium/src/chrome/common/ipc_channel_win.cc, line 346
console.error: "Tried to send a 'tabDetached' event on an already destroyed actor 'frameTarget'"
[Child 20468, Chrome_ChildThread] WARNING: [Child 23324, Chrome_ChildThread] WARNING: pipipe error: 109: file z:/builpe error: 109: file z:/buildd//bbuuiild/src/ipc/lcdh/rsrc/omium/src/chrome/commoipc/chrno/miipucm_/schannel_win.cc, line 346
[Child 23324, Chrome_rc/chrome/common/ipc_channel_win.cc, line 346
[Child[Parent 18920, Gecko_IOThread] WARNING: pipe error: 109: file z:/build/build/src/ipc/chromium/src/chrome/common/ipc_channel_win.cc, line 346
1543220340291	Marionette	INFO	Stopped listening on port 54463
[
###!!! [Child][MessageChannel::SendAndWait] Error: Channel error: cannot send/recv

1543220356158	mozrunner::runner	INFO	Running command: "C:\\Program Files\\Mozilla Firefox\\firefox.exe" "-marionette" "-foreground" "-no-remote" "-profile" "C:\\Users\\KREATT~1\\AppData\\Local\\Temp\\rust_mozprofile.RnitTjC4hEa8"
1543220360513	Marionette	INFO	Listening on port 54722
1543220360588	Marionette	WARN	TLS certificate errors will be ignored for this session
[Parent 24384, Gecko_IOThread] WARNING: file z:/build/build/src/ipc/chromium/src/chrome/common/ipc_channel_win.cc, line 307
[Parent 24384, Gecko_IOThread] WARNING: file z:/build/build/src/ipc/chromium/src/chrome/common/ipc_channel_win.cc, line 307
[Parent 24384, Gecko_IOThread] WARNING: pipe error: 109: file z:/build/build/src/ipc/chromium/src/chrome/common/ipc_channel_win.cc, line 346
console.error: "Tried to send a 'tabDetached' event on an already destroyed actor 'frameTarget'"
[Parent 24384, Gecko_IOThread] WARNING: pipe error: 109: file z:/build/build/src/ipc/chromium/src/chrome/common/ipc_channel_win.cc, line 346
[Parent 24384, Gecko_IOThread] WARNING: pipe error: 109: file z:/build/build/src/ipc/chromium/src/chrome/common/ipc_channel_win.cc, line 346
[Child 17440, Chrome_ChildThread] WARNING: pipe error: 109: file z:/build/build/src/ipc/chromium/src/chrome/common/ipc_channel_win.cc, line 346
[Child [Child 21524, Chrome_ChildThread] WARNING: pipe error: 109: file z:/build/build/src/ipc/chromium/src/chrome/common/ipc_channel_win.cc, line 346
1543220664624	Marionette	INFO	Stopped listening on port 54722

###!!! [Child][RunMessage] Error: Channel closing: too late to send/recv, messages will be lost

[GPU 22856
###!!! [Child][MessageChannel::SendAndWait] Error: Channel error: cannot send/recv

1543220671133	mozrunner::runner	INFO	Running command: "C:\\Program Files\\Mozilla Firefox\\firefox.exe" "-marionette" "-foreground" "-no-remote" "-profile" "C:\\Users\\KREATT~1\\AppData\\Local\\Temp\\rust_mozprofile.iR9BwNlCag43"
1543220677776	Marionette	INFO	Listening on port 54937
1543220678024	Marionette	WARN	TLS certificate errors will be ignored for this session
[Parent 16568, Gecko_IOThread] WARNING: file z:/build/build/src/ipc/chromium/src/chrome/common/ipc_channel_win.cc, line 307
[Parent 16568, Gecko_IOThread] WARNING: file z:/build/build/src/ipc/chromium/src/chrome/common/ipc_channel_win.cc, line 307
[Parent 16568, Gecko_IOThread] WARNING: pipe error: 109: file z:/build/build/src/ipc/chromium/src/chrome/common/ipc_channel_win.cc, line 346
1543220716516	Marionette	INFO	Stopped listening on port 54937

###!!! [Child][MessageChannel::SendAndWait] Error: Channel error: cannot send/recv

1543220721973	mozrunner::runner	INFO	Running command: "C:\\Program Files\\Mozilla Firefox\\firefox.exe" "-marionette" "-foreground" "-no-remote" "-profile" "C:\\Users\\KREATT~1\\AppData\\Local\\Temp\\rust_mozprofile.IXR0Gyz8x1yD"
1543220726132	Marionette	INFO	Listening on port 55054
1543220726437	Marionette	WARN	TLS certificate errors will be ignored for this session
[Parent 23616, Gecko_IOThread] WARNING: file z:/build/build/src/ipc/chromium/src/chrome/common/ipc_channel_win.cc, line 307
[Parent 23616, Gecko_IOThread] WARNING: file z:/build/build/src/ipc/chromium/src/chrome/common/ipc_channel_win.cc, line 307
[Child 21860, Chrome_ChildThread] WARNING: pipe error: 109: file z:/build/build/src/ipc/chromium/src/chrome/common/ipc_channel_win.cc, line 346
[Child 21860, Chrome_ChildThread] WARNING: pipe error: 109: file z:/build/build/src/ipc/chromium/src/chrome/common/ipc_channel_win.cc, line 346
[Child 24064, Chrome_ChildThread] WARNING: pipe error: 109: file z:/build/build/src/ipc/chromium/src/chrome/common/ipc_channel_win.cc, line 346
[Parent 23616, Gecko_IOThread] WARNING: pipe error: 109: file z:/build/build/src/ipc/chromium/src/chrome/common/ipc_channel_win.cc, line 346
1543220926911	Marionette	INFO	Stopped listening on port 55054

###!!! [Child][RunMessage] Error: Channel closing: too late to send/recv, messages will be lost

[GPU 23
###!!! [Child][MessageChannel::SendAndWait] Error: Channel error: cannot send/recv

1543220932200	mozrunner::runner	INFO	Running command: "C:\\Program Files\\Mozilla Firefox\\firefox.exe" "-marionette" "-foreground" "-no-remote" "-profile" "C:\\Users\\KREATT~1\\AppData\\Local\\Temp\\rust_mozprofile.dEfFehMzjQQ1"
1543220936603	Marionette	INFO	Listening on port 55309
1543220936727	Marionette	WARN	TLS certificate errors will be ignored for this session
[Parent 24296, Gecko_IOThread] WARNING: file z:/build/build/src/ipc/chromium/src/chrome/common/ipc_channel_win.cc, line 307
[Parent 24296, Gecko_IOThread] WARNING: file z:/build/build/src/ipc/chromium/src/chrome/common/ipc_channel_win.cc, line 307
console.error: "Tried to send a 'tabDetached' event on an already destroyed actor 'frameTarget'"
[Child 24288, Chrome_ChildThread] WARNING: pipe error: 109: file z:/build/build/src/ipc/chromium/src/chrome/common/ipc_channel_win.cc, line 346
[Child 24288, Chro[Child 15540, Chrome_ChildThread] WARNING: pipe error: 109: file z:/build/build/src/ipc/chromium/src/chrome/common/ipc_channel_win.cc, line 346
[Child 15540, Chrome_ChildThread] WARNING: pipe er[Parent 24296, Gecko_IOThread] WARNING: pipe error: 109: file z:/build/build/src/ipc/chromium/src/chrome/common/ipc_channel_win.cc, line 346
[Child 17456, Chrome_ChildThread] WARNING: pipe error: 109: file z:/build/build/src/ipc/chromium/src/chrome/common/ipc_channel_win.cc, line 346
[Child 17456, Chrome_Chil1543221029953	Marionette	INFO	Stopped listening on port 55309
[GPU
###!!! [Child][MessageChannel::SendAndWait] Error: Channel error: cannot send/recv

1543221041308	mozrunner::runner	INFO	Running command: "C:\\Program Files\\Mozilla Firefox\\firefox.exe" "-marionette" "-foreground" "-no-remote" "-profile" "C:\\Users\\KREATT~1\\AppData\\Local\\Temp\\rust_mozprofile.9XVL8A3cbH54"
1543221045945	Marionette	INFO	Listening on port 55516
1543221046360	Marionette	WARN	TLS certificate errors will be ignored for this session
[Parent 23088, Gecko_IOThread] WARNING: file z:/build/build/src/ipc/chromium/src/chrome/common/ipc_channel_win.cc, line 307
[Parent 23088, Gecko_IOThread] WARNING: file z:/build/build/src/ipc/chromium/src/chrome/common/ipc_channel_win.cc, line 307
console.error: BroadcastService: 
  receivedBroadcastMessage: handler for
  remote-settings/monitor_changes
  threw error:
  Message: Error: Polling for changes failed: NetworkError when attempting to fetch resource..
  Stack:
    remoteSettingsFunction/remoteSettings.pollChanges@resource://services-settings/remote-settings.js:721:13

[Parent 23088, Gecko_IOThread] WARNING: pipe error: 109: file z:/build/build/src/ipc/chromium/src/chrome/common/ipc_channel_win.cc, line 346
[Child 6248, Chrome_ChildThread] WARNING: pipe error: 109: file z:/build/build/src/ipc/chromium/src/chrome/common/ipc_channel_win.cc, line 346
[Child 6248, Chrome_ChildThread] WARNING: pipe error:[Parent 23088, Gecko_IOThread] WARNING: pipe error: 109: file z:/build/build/src/ipc/chromium/src/chrome/common/ipc_channel_win.cc, line 346
1543221247349	Marionette	INFO	Stopped listening on port 55516

###!!! [Child][MessageChannel::SendAndWait] Error: Channel error: cannot send/recv

384, Gecko_IOThread] WARNING: pipe error: 109: file z:/build/build/src/ipc/chromium/src/chrome/common/ipc_channel_win.cc, line 346
[Parent 17384, Gecko_IOThread] WARNING: pipe error: 109: file z:/build/build/src/ipc/chromium/src/chrome/common/ipc_channel_win.cc, line 346
[Parent 17384, Gecko_IOThread] WARNING: pipe error: 109: file z:/build/build/src/ipc/chromium/src/chrome/common/ipc_channel_win.cc, line 346
1543221247364	Marionette	INFO	Stopped listening on port 55658

###!!! [Child][MessageChannel::SendAndWait] Error: Channel error: cannot send/recv

1543221253144	mozrunner::runner	INFO	Running command: "C:\\Program Files\\Mozilla Firefox\\firefox.exe" "-marionette" "-foreground" "-no-remote" "-profile" "C:\\Users\\KREATT~1\\AppData\\Local\\Temp\\rust_mozprofile.HKaBoeANqPlW"
1543221257600	Marionette	INFO	Listening on port 55852
1543221257742	Marionette	WARN	TLS certificate errors will be ignored for this session
[Parent 23392, Gecko_IOThread] WARNING: file z:/build/build/src/ipc/chromium/src/chrome/common/ipc_channel_win.cc, line 307
[Parent 23392, Gecko_IOThread] WARNING: file z:/build/build/src/ipc/chromium/src/chrome/common/ipc_channel_win.cc, line 307
[Parent 23392, Gecko_IOThread] WARNING: pipe error: 109: file z:/build/build/src/ipc/chromium/src/chrome/common/ipc_channel_win.cc, line 346
[Parent 23392, Gecko_IOThread] WARNING: pipe error: 109: file z:/build/build/src/ipc/chromium/src/chrome/common/ipc_channel_win.cc, line 346
[Parent 23392, Gecko_IOThread] WARNING: pipe error: 109: file z:/build/build/src/ipc/chromium/src/chrome/common/ipc_channel_win.cc, line 346
1543221444548	Marionette	INFO	Stopped listening on port 55852

###!!! [Child][RunMessage] Error: Channel closing: too late to send/recv, messages will be lost


###!!! [Child][MessageChannel::SendAndWait] Error: Channel error: cannot send/recv

1543221467160	mozrunner::runner	INFO	Running command: "C:\\Program Files\\Mozilla Firefox\\firefox.exe" "-marionette" "-foreground" "-no-remote" "-profile" "C:\\Users\\KREATT~1\\AppData\\Local\\Temp\\rust_mozprofile.tEhPQcHgzwQi"
1543221473657	Marionette	INFO	Listening on port 56274
1543221473914	Marionette	WARN	TLS certificate errors will be ignored for this session
[Parent 17400, Gecko_IOThread] WARNING: file z:/build/build/src/ipc/chromium/src/chrome/common/ipc_channel_win.cc, line 307
[Parent 17400, Gecko_IOThread] WARNING: file z:/build/build/src/ipc/chromium/src/chrome/common/ipc_channel_win.cc, line 307
[Parent 17400, Gecko_IOThread] WARNING: pipe error: 109: file z:/build/build/src/ipc/chromium/src/chrome/common/ipc_channel_win.cc, line 346
[Child 24884, Chrome_ChildThread] WARNING: pipe error: 109: file z:/build/build/src/ipc/chromium/src/chrome/common/ipc_channel_win.cc, line 346
[Child 24884, Chrome_ChildThread] WARNING: pipe error: 109: [Chi[Parent 17400, Gecko_IOThread] WARNING: pipe error: 109: file z:/build/build/src/ipc/chromium/src/chrome/common/ipc_channel_win.cc, line 346
1543221541941	Marionette	INFO	Stopped listening on port 56274
[GPU 2
###!!! [Child][RunMessage] Error: Channel closing: too late to send/recv, messages will be lost

1652, 
###!!! [Child][MessageChannel::SendAndWait] Error: Channel error: cannot send/recv

1543221560664	mozrunner::runner	INFO	Running command: "C:\\Program Files\\Mozilla Firefox\\firefox.exe" "-marionette" "-foreground" "-no-remote" "-profile" "C:\\Users\\KREATT~1\\AppData\\Local\\Temp\\rust_mozprofile.JmcYHrQ8iBtZ"
1543221566674	Marionette	INFO	Listening on port 56416
1543221566890	Marionette	WARN	TLS certificate errors will be ignored for this session
[Parent 24244, Gecko_IOThread] WARNING: file z:/build/build/src/ipc/chromium/src/chrome/common/ipc_channel_win.cc, line 307
[Parent 24244, Gecko_IOThread] WARNING: file z:/build/build/src/ipc/chromium/src/chrome/common/ipc_channel_win.cc, line 307
[Parent 24244, Gecko_IOThread] WARNING: pipe error: 109: file z:/build/build/src/ipc/chromium/src/chrome/common/ipc_channel_win.cc, line 346
[Parent 24244, Gecko_IOThread] WARNING: pipe error: 109: file z:/build/build/src/ipc/chromium/src/chrome/common/ipc_channel_win.cc, line 346
[Child 25528, Chrome_ChildThread] WARNING: pipe error: 109: file z:/build/build/src/ipc/chromium/src/chrome/common/ipc_channel_win.cc, line 346
[Chi1543221628341	Marionette	INFO	Stopped listening on port 56416

###!!! [Child][MessageChannel::SendAndWait] Error: Channel error: cannot send/recv

1543221640697	mozrunner::runner	INFO	Running command: "C:\\Program Files\\Mozilla Firefox\\firefox.exe" "-marionette" "-foreground" "-no-remote" "-profile" "C:\\Users\\KREATT~1\\AppData\\Local\\Temp\\rust_mozprofile.O4wa51N9hjEa"
1543221646153	Marionette	INFO	Listening on port 56587
1543221646316	Marionette	WARN	TLS certificate errors will be ignored for this session
[Parent 25448, Gecko_IOThread] WARNING: file z:/build/build/src/ipc/chromium/src/chrome/common/ipc_channel_win.cc, line 307
[Parent 25448, Gecko_IOThread] WARNING: file z:/build/build/src/ipc/chromium/src/chrome/common/ipc_channel_win.cc, line 307
[Parent 25448, Gecko_IOThread] WARNING: pipe error: 109: file z:/build/build/src/ipc/chromium/src/chrome/common/ipc_channel_win.cc, line 346
[Parent 25448, Gecko_IOThread] WARNING: pipe error: 109: file z:/build/build/src/ipc/chromium/src/chrome/common/ipc_channel_win.cc, line 346
[Parent 25448, Gecko_IOThread] WARNING: pipe error: 109: file z:/build/build/src/ipc/chromium/src/chrome/common/ipc_channel_win.cc, line 346
1543221720966	Marionette	INFO	Stopped listening on port 56587

###!!! [Child][RunMessage] Error: Channel closing: too late to send/recv, messages will be lost

[GPU 2
###!!! [Child][MessageChannel::SendAndWait] Error: Channel error: cannot send/recv

1543221733802	mozrunner::runner	INFO	Running command: "C:\\Program Files\\Mozilla Firefox\\firefox.exe" "-marionette" "-foreground" "-no-remote" "-profile" "C:\\Users\\KREATT~1\\AppData\\Local\\Temp\\rust_mozprofile.V3IcwGhS29vr"
1543221738999	Marionette	INFO	Listening on port 56708
1543221739434	Marionette	WARN	TLS certificate errors will be ignored for this session
[Parent 6248, Gecko_IOThread] WARNING: file z:/build/build/src/ipc/chromium/src/chrome/common/ipc_channel_win.cc, line 307
[Parent 6248, Gecko_IOThread] WARNING: file z:/build/build/src/ipc/chromium/src/chrome/common/ipc_channel_win.cc, line 307
[Parent 6248, Gecko_IOThread] WARNING: pipe error: 109: file z:/build/build/src/ipc/chromium/src/chrome/common/ipc_channel_win.cc, line 346
[Child 14044, Chrome_ChildThread] WARNING: pipe error: 109: file z:/build/build/src/ipc/chromium/src/chrome/common/ipc_channel_win.cc, line 346
1543221797302	Marionette	INFO	Stopped listening on port 56708

###!!! [Child][RunMessage] Error: Channel closing: too late to send/recv, messages will be lost

[GPU 24
###!!! [Child][MessageChannel::SendAndWait] Error: Channel error: cannot send/recv

1543221803407	mozrunner::runner	INFO	Running command: "C:\\Program Files\\Mozilla Firefox\\firefox.exe" "-marionette" "-foreground" "-no-remote" "-profile" "C:\\Users\\KREATT~1\\AppData\\Local\\Temp\\rust_mozprofile.xVdIaOIIxQhj"
1543221808791	Marionette	INFO	Listening on port 56812
1543221808922	Marionette	WARN	TLS certificate errors will be ignored for this session
[Parent 23116, Gecko_IOThread] WARNING: file z:/build/build/src/ipc/chromium/src/chrome/common/ipc_channel_win.cc, line 307
[Parent 23116, Gecko_IOThread] WARNING: file z:/build/build/src/ipc/chromium/src/chrome/common/ipc_channel_win.cc, line 307
[Parent 23116, Gecko_IOThread] WARNING: pipe error: 109: file z:/build/build/src/ipc/chromium/src/chrome/common/ipc_channel_win.cc, line 346
[Child 23544, Chrome_ChildThread] WARNING: pipe error: 109: file z:/build/build/src/ipc/chromium/src/chrome/common/ipc_channel_win.cc, line 346
[Child 23544, Chrome_ChildThrea1543221929166	Marionette	INFO	Stopped listening on port 56812

###!!! [Child][RunMessage] Error: Channel closing: too late to send/recv, messages will be lost


###!!! [Child][MessageChannel::SendAndWait] Error: Channel error: cannot send/recv

1543221939468	mozrunner::runner	INFO	Running command: "C:\\Program Files\\Mozilla Firefox\\firefox.exe" "-marionette" "-foreground" "-no-remote" "-profile" "C:\\Users\\KREATT~1\\AppData\\Local\\Temp\\rust_mozprofile.uyAEMDbGZE57"
1543221944440	Marionette	INFO	Listening on port 56960
1543221945011	Marionette	WARN	TLS certificate errors will be ignored for this session
[Parent 25116, Gecko_IOThread] WARNING: file z:/build/build/src/ipc/chromium/src/chrome/common/ipc_channel_win.cc, line 307
[Parent 25116, Gecko_IOThread] WARNING: file z:/build/build/src/ipc/chromium/src/chrome/common/ipc_channel_win.cc, line 307
[Parent 25116, Gecko_IOThread] WARNING: pipe error: 109: file z:/build/build/src/ipc/chromium/src/chrome/common/ipc_channel_win.cc, line 346
[Parent 25116, Gecko_IOThread] WARNING: pipe error: 109: file z:/build/build/src/ipc/chromium/src/chrome/common/ipc_channel_win.cc, line 346
[Parent 25116, Gecko_IOThread] WARNING: pipe error: 109: file z:/build/build/src/ipc/chromium/src/chrome/common/ipc_channel_win.cc, line 346
[Child 21524, Chrome_ChildThread] WARNING: pipe error: 109: file z:/build/build/src/ipc/chromium/src/chrome/common/ipc_channel_win.cc, line 346
[Child 21524, Chrome_ChildT1543222059498	Marionette	INFO	Stopped listening on port 56960

###!!! [Child][RunMessage] Error: Channel closing: too late to send/recv, messages will be lost


###!!! [Child][MessageChannel::SendAndWait] Error: Channel error: cannot send/recv

1543222070737	mozrunner::runner	INFO	Running command: "C:\\Program Files\\Mozilla Firefox\\firefox.exe" "-marionette" "-foreground" "-no-remote" "-profile" "C:\\Users\\KREATT~1\\AppData\\Local\\Temp\\rust_mozprofile.CQ0k4Py9mAoc"
1543222076135	Marionette	INFO	Listening on port 57078
1543222076294	Marionette	WARN	TLS certificate errors will be ignored for this session
[Parent 1780, Gecko_IOThread] WARNING: file z:/build/build/src/ipc/chromium/src/chrome/common/ipc_channel_win.cc, line 307
[Parent 1780, Gecko_IOThread] WARNING: file z:/build/build/src/ipc/chromium/src/chrome/common/ipc_channel_win.cc, line 307
[Parent 1780, Gecko_IOThread] WARNING: pipe error: 109: file z:/build/build/src/ipc/chromium/src/chrome/common/ipc_channel_win.cc, line 346
[Child 24884, Chrome_ChildThread] WARNING: pipe error: 109: file z:/build/build/src/ipc/chromium/src/chrome/common/ipc_channel_win.cc, line 346
[C1543222122369	Marionette	INFO	Stopped listening on port 57078
[GPU 14252, Chrom
###!!! [Child][MessageChannel::SendAndWait] Error: Channel error: cannot send/recv

JavaScript error: resource://gre/modules/osfile/osfile_async_front.jsm, line 407: Error: OS.File has been shut down. Rejecting post to stat
te" "-profile" "C:\\Users\\KREATT~1\\AppData\\Local\\Temp\\rust_mozprofile.EDmG2H8kwd6b"
1543222132142	Marionette	INFO	Listening on port 57167
1543222132260	Marionette	WARN	TLS certificate errors will be ignored for this session
[Parent 25220, Gecko_IOThread] WARNING: file z:/build/build/src/ipc/chromium/src/chrome/common/ipc_channel_win.cc, line 307
[Parent 25220, Gecko_IOThread] WARNING: file z:/build/build/src/ipc/chromium/src/chrome/common/ipc_channel_win.cc, line 307
[Child 13916, Chrome_ChildThread] WARNING: pipe error: 109: file z:/build/build/src/ipc/chromium/src/chrome/common/ipc_chann[Chilel_dw 24496, Chrome_ChildThread]i nWAR.cc, lNING: piipe errne 34o6r
: 109[:C hiflid 13916, Chrome_ChildThreadl] WARNING: pipe error: 109: file z:/build/build/src/ipc/chromium/src/chrome/common/ipc_channel_win.e z:/build/bcc, uild/src/ipc/chromium/src/chrome/common/ipc_channel_win.cc, line 346
[Child 24496, Chrome_ChildThread] WARNING: pipe error: 109: file z:/build/b[Parent 25220, Gecko_IOThread] WARNING: file z:/build/build/src/ipc/chromium/src/base/process_util_win.cc, line 188
[Parent 25220, Gecko_IOThread] WARNING: pipe error: 109: file z:/build/build/src/ipc/chromium/src/chrome/common/ipc_channel_win.cc, line 346
1543222176842	Marionette	INFO	Stopped listening on port 57167

###!!! [Child][MessageChannel::SendAndWait] Error: Channel error: cannot send/recv

JavaScript error: resource://gre/modules/osfile/osfile_async_front.jsm, line 407: Error: OS.File has been shut down. Rejecting post to stat
te" "-profile" "C:\\Users\\KREATT~1\\AppData\\Local\\Temp\\rust_mozprofile.i92Pmef30jVG"
1543222187377	Marionette	INFO	Listening on port 57251
1543222187544	Marionette	WARN	TLS certificate errors will be ignored for this session
[Parent 23676, Gecko_IOThread] WARNING: file z:/build/build/src/ipc/chromium/src/chrome/common/ipc_channel_win.cc, line 307
[Parent 23676, Gecko_IOThread] WARNING: file z:/build/build/src/ipc/chromium/src/chrome/common/ipc_channel_win.cc, line 307
[Parent 23676, Gecko_IOThread] WARNING: pipe error: 109: file z:/build/build/src/ipc/chromium/src/chrome/common/ipc_channel_win.cc, line 346
[Parent 23676, Gecko_IOThread] WARNING: pipe error: 109: file z:/build/build/src/ipc/chromium/src/chrome/common/ipc_channel_win.cc, line 346
[Parent 23676, Gecko_IOThread] WARNING: pipe error: 109: file z:/build/build/src/ipc/chromium/src/chrome/common/ipc_channel_win.cc, line 346
[Child 24548, Chrome_ChildThread] WARNING: pipe error: 109: file z:/build/build/src/ipc/chromium/src/chrome/common/ipc_channel_win.cc, line 346
[Child 24548, Chrome_ChildThread] WARNING:1543222251999	Marionette	INFO	Stopped listening on port 57251

###!!! [Child][RunMessage] Error: Channel closing: too late to send/recv, messages will be lost

[GPU 23
###!!! [Child][MessageChannel::SendAndWait] Error: Channel error: cannot send/recv

1543222264561	mozrunner::runner	INFO	Running command: "C:\\Program Files\\Mozilla Firefox\\firefox.exe" "-marionette" "-foreground" "-no-remote" "-profile" "C:\\Users\\KREATT~1\\AppData\\Local\\Temp\\rust_mozprofile.AMeNSP36apGa"
1543222269126	Marionette	INFO	Listening on port 57346
1543222269570	Marionette	WARN	TLS certificate errors will be ignored for this session
[Parent 24764, Gecko_IOThread] WARNING: file z:/build/build/src/ipc/chromium/src/chrome/common/ipc_channel_win.cc, line 307
[Parent 24764, Gecko_IOThread] WARNING: file z:/build/build/src/ipc/chromium/src/chrome/common/ipc_channel_win.cc, line 307
[Parent 24764, Gecko_IOThread] WARNING: pipe error: 109: file z:/build/build/src/ipc/chromium/src/chrome/common/ipc_channel_win.cc, line 346
[Parent 24764, Gecko_IOThread] WARNING: pipe error: 109: file z:/build/build/src/ipc/chromium/src/chrome/common/ipc_channel_win.cc, line 346
[Child 14268, Chrome_ChildThread] WARNING: pipe error: 109: file z:/build/build/src/ipc/chromium/src/chrome/common/ipc_channel_win.cc, line 346
[Parent 24764, Gecko_IOThread] WARNING: file z:/build/build/src/ipc/chromium/src/base/process_util_win.cc, line 188
[Parent 24764, Gecko_IOThread] WARNING: pipe error: 109: file z:/build/build/src/ipc/chromium/src/chrome/common/ipc_channel_win.cc, line 346
[Child 20384, Chrome_ChildThread] WARNING: pipe error: 109: file z:/build/build/src/ipc/chromium/src/chrome/common/ipc_channel_win.cc, line 346
[Ch1543222410802	Marionette	INFO	Stopped listening on port 57346

###!!! [Child][RunMessage] Error: Channel closing: too late to send/recv, messages will be lost

[GPU 250
###!!! [Child][MessageChannel::SendAndWait] Error: Channel error: cannot send/recv

1543222422776	mozrunner::runner	INFO	Running command: "C:\\Program Files\\Mozilla Firefox\\firefox.exe" "-marionette" "-foreground" "-no-remote" "-profile" "C:\\Users\\KREATT~1\\AppData\\Local\\Temp\\rust_mozprofile.CO76ii46dQPU"
1543222428438	Marionette	INFO	Listening on port 57487
1543222432062	mozrunner::runner	INFO	Running command: "C:\\Program Files\\Mozilla Firef[Parent 23212, Gecko_IOThread] WARNING: file z:/build/build/src/ipc/chromium/src/chrome/common/ipc_channel_win.cc, line 307
[Parent 23212, Gecko_IOThread] WARNING: file z:/build/build/src/ipc/chromium/src/chrome/common/ipc_channel_win.cc, line 307
[Parent 23212, Gecko_IOThread] WARNING: pipe error: 109: file z:/build/build/src/ipc/chromium/src/chrome/common/ipc_channel_win.cc, line 346
[Child 23168, Chrome_ChildThread] WARNING: pipe error: 109: file z:/build/build/src/ipc/chromium/src/chrome/common/ipc_channel_win.cc, line 346
[Child 23168, Chrome_ChildThread] WARNI[1543222469677	Marionette	INFO	Stopped listening on port 57487

###!!! [Child][RunMessage] Error: Channel closing: too late to send/recv, messages will be lost

[GPU 245
###!!! [Child][MessageChannel::SendAndWait] Error: Channel error: cannot send/recv

JavaScript error: , line 0: AbortError: A request was aborted, for example through a call to IDBTransaction.abort.
JavaScript error: , line 0: AbortError: A request was aborted, for example through a call to IDBTransaction.abort.
1543222443590	Marionette	INFO	Stopped listening on port 57530

###!!! [Child][RunMessage] Error: Channel closing: too late to send/recv, messages will be lost

[GPU 26244, 
###!!! [Child][MessageChannel::SendAndWait] Error: Channel error: cannot send/recv

1543222502947	mozrunner::runner	INFO	Running command: "C:\\Program Files\\Mozilla Firefox\\firefox.exe" "-marionette" "-foreground" "-no-remote" "-profile" "C:\\Users\\KREATT~1\\AppData\\Local\\Temp\\rust_mozprofile.NfJUz1hB1BGY"
1543222507770	Marionette	INFO	Listening on port 57640
1543222507981	Marionette	WARN	TLS certificate errors will be ignored for this session
[Parent 26808, Gecko_IOThread] WARNING: file z:/build/build/src/ipc/chromium/src/chrome/common/ipc_channel_win.cc, line 307
[Parent 26808, Gecko_IOThread] WARNING: file z:/build/build/src/ipc/chromium/src/chrome/common/ipc_channel_win.cc, line 307
[Parent 26808, Gecko_IOThread] WARNING: pipe error: 109: file z:/build/build/src/ipc/chromium/src/chrome/common/ipc_channel_win.cc, line 346
[Parent 26808, Gecko_IOThread] WARNING: pipe error: 109: file z:/build/build/src/ipc/chromium/src/chrome/common/ipc_channel_win.cc, line 346
[Parent 26808, Gecko_IOThread] WARNING: pipe error: 109: file z:/build/build/src/ipc/chromium/src/chrome/common/ipc_channel_win.cc, line 346
[Child 26244, Chrome_ChildThread] WARNING: pipe error: 109: file z:/build/build/src/ipc/chromium/src/chrome/common/ipc_channel_win.cc, line 346
[Chi1543222597248	Marionette	INFO	Stopped listening on port 57640

###!!! [Child][RunMessage] Error: Channel closing: too late to send/recv, messages will be lost

[GPU 2630
###!!! [Child][MessageChannel::SendAndWait] Error: Channel error: cannot send/recv

1543222603217	mozrunner::runner	INFO	Running command: "C:\\Program Files\\Mozilla Firefox\\firefox.exe" "-marionette" "-foreground" "-no-remote" "-profile" "C:\\Users\\KREATT~1\\AppData\\Local\\Temp\\rust_mozprofile.RPb00Uh7RU1f"
1543222607823	Marionette	INFO	Listening on port 57752
1543222608347	Marionette	WARN	TLS certificate errors will be ignored for this session
[Parent 25848, Gecko_IOThread] WARNING: file z:/build/build/src/ipc/chromium/src/chrome/common/ipc_channel_win.cc, line 307
[Parent 25848, Gecko_IOThread] WARNING: file z:/build/build/src/ipc/chromium/src/chrome/common/ipc_channel_win.cc, line 307
[Parent 25848, Gecko_IOThread] WARNING: pipe error: 109: file z:/build/build/src/ipc/chromium/src/chrome/common/ipc_channel_win.cc, line 346
[Child 22844, Chrome_ChildThread] WARNING: pipe error: 109: file z:/build/build/src/ipc/chromium/src/chrome/common/ipc_channel_win.cc, line 346
[Child 22844, Chrome_ChildThread] WARNING: pipe error: 109: file z:/build/build/src/ipc/chromium/src/chrome/common/ipc_channel_win.cc, line 346
[Child 2160, Chrome_ChildThread] WARNING: pipe error: 109: file z:/build/build/src/ipc/chromium/src/chrome/common/ipc_channel_win.cc, line 346
[Parent 25848, Gecko_IOThread] WARNING: pipe error: 109: file z:/build/build/src/ipc/chromium/src/chrome/common/ipc_channel_win.cc, line 346
[Child 14236, Chrome_ChildThread] WARNING: pipe error: 109: file z:/build/build/src/ipc/chromium/src/chrome/common/ipc_channel_win.cc, line 346
[Child 14236, Chrome_ChildThread] WARNING: pipe error: 109: file1543222674324	Marionette	INFO	Stopped listening on port 57752
[GPU 
###!!! [Child][MessageChannel::SendAndWait] Error: Channel error: cannot send/recv

1543886130190	mozrunner::runner	INFO	Running command: "C:\\Program Files\\Mozilla Firefox\\firefox.exe" "-marionette" "-foreground" "-no-remote" "-profile" "C:\\Users\\KREATT~1\\AppData\\Local\\Temp\\rust_mozprofile.I343IeXumt5p"
[Parent 16328, Gecko_IOThread] WARNING: pipe error: 109: file z:/build/build/src/ipc/chromium/src/chrome/common/ipc_channel_win.cc, line 346
[Child 14688, Chrome_ChildThread] WARNING: pipe error: 109: file z:/build/build/src/ipc/chromium/src/chrome/common/ipc_channel_win.cc, line 346
[Child 14688,1543886146565	Marionette	INFO	Listening on port 51427
1543886147053	Marionette	WARN	TLS certificate errors will be ignored for this session
[Parent 16328, Gecko_IOThread] WARNING: pipe error: 109: file z:/build/build/src/ipc/chromium/src/chrome/common/ipc_channel_win.cc, line 346
[Child 8716, Chrome_ChildThread] WARNING: pipe error: 109: file z:/build/build/src/ipc/chromium/src/chrome/common/ipc_channel_win.cc, line 346
[Child 8716, Chrome_ChildThread] WARNING: pipe 1543886176325	Marionette	INFO	Stopped listening on port 51427

###!!! [Child][RunMessage] Error: Channel closing: too late to send/recv, messages will be lost


###!!! [Child][MessageChannel::SendAndWait] Error: Channel error: cannot send/recv

1543886183154	mozrunner::runner	INFO	Running command: "C:\\Program Files\\Mozilla Firefox\\firefox.exe" "-marionette" "-foreground" "-no-remote" "-profile" "C:\\Users\\KREATT~1\\AppData\\Local\\Temp\\rust_mozprofile.LvdAFBHJCsKS"
1543886187463	Marionette	INFO	Listening on port 51568
1543886187617	Marionette	WARN	TLS certificate errors will be ignored for this session
[Parent 16432, Gecko_IOThread] WARNING: file z:/build/build/src/ipc/chromium/src/chrome/common/ipc_channel_win.cc, line 307
[Parent 16432, Gecko_IOThread] WARNING: file z:/build/build/src/ipc/chromium/src/chrome/common/ipc_channel_win.cc, line 307
[Parent 16432, Gecko_IOThread] WARNING: pipe error: 109: file z:/build/build/src/ipc/chromium/src/chrome/common/ipc_channel_win.cc, line 346
1543886747296	mozrunner::runner	INFO	Running command: "C:\\Program Files\\Mozilla Firefox\\firefox.exe" "-marionette" "-foreground" "-no-remote" "-profile" "C:\\Users\\KREATT~1\\AppData\\Local\\Temp\\rust_mozprofile.qNVnbRbxQw59"
1543886751686	Marionette	INFO	Listening on port 51850
1543886751828	Marionette	WARN	TLS certificate errors will be ignored for this session
[Parent 17220, Gecko_IOThread] WARNING: file z:/build/build/src/ipc/chromium/src/chrome/common/ipc_channel_win.cc, line 307
[Parent 17220, Gecko_IOThread] WARNING: file z:/build/build/src/ipc/chromium/src/chrome/common/ipc_channel_win.cc, line 307
[Parent 17220, Gecko_IOThread] WARNING: pipe error: 109: file z:/build/build/src/ipc/chromium/src/chrome/common/ipc_channel_win.cc, line 346
1543887121965	Marionette	INFO	Stopped listening on port 51850

###!!! [Child][RunMessage] Error: Channel closing: too late to send/recv, messages will be lost

[GPU 703
###!!! [Child][MessageChannel::SendAndWait] Error: Channel error: cannot send/recv

1543887126740	mozrunner::runner	INFO	Running command: "C:\\Program Files\\Mozilla Firefox\\firefox.exe" "-marionette" "-foreground" "-no-remote" "-profile" "C:\\Users\\KREATT~1\\AppData\\Local\\Temp\\rust_mozprofile.TkCY3Ld03Bmp"
1543887130471	Marionette	INFO	Listening on port 52187
1543887130725	Marionette	WARN	TLS certificate errors will be ignored for this session
[Parent 13380, Gecko_IOThread] WARNING: file z:/build/build/src/ipc/chromium/src/chrome/common/ipc_channel_win.cc, line 307
[Parent 13380, Gecko_IOThread] WARNING: file z:/build/build/src/ipc/chromium/src/chrome/common/ipc_channel_win.cc, line 307
[Parent 13380, Gecko_IOThread] WARNING: pipe error: 109: file z:/build/build/src/ipc/chromium/src/chrome/common/ipc_channel_win.cc, line 346
[Child 10620, Chrome_ChildThread] WARNING: pipe error: 109: file z:/build/build/src/ipc/chromium/src/chrome/common/ipc_channel_win.cc, line 346
[Child 10[Child 14824, Chrome_ChildThread] WARNING: pipe error: 109: file z:/build/build/src/ipc/chromium/src/chrome/common/ipc_channel_win.cc, line 346
[Child 14824, Ch[Parent 13380, Gecko_IOThread] WARNING: pipe error: 109: file z:/build/build/src/ipc/chromium/src/chrome/common/ipc_channel_win.cc, line 346
1543887268010	Marionette	INFO	Stopped listening on port 52187

###!!! [Child][RunMessage] Error: Channel closing: too late to send/recv, messages will be lost


###!!! [Child][MessageChannel::SendAndWait] Error: Channel error: cannot send/recv

1543887281122	mozrunner::runner	INFO	Running command: "C:\\Program Files\\Mozilla Firefox\\firefox.exe" "-marionette" "-foreground" "-no-remote" "-profile" "C:\\Users\\KREATT~1\\AppData\\Local\\Temp\\rust_mozprofile.OufasdKjqRPh"
1543887285300	Marionette	INFO	Listening on port 52307
1543887285570	Marionette	WARN	TLS certificate errors will be ignored for this session
[Parent 15980, Gecko_IOThread] WARNING: file z:/build/build/src/ipc/chromium/src/chrome/common/ipc_channel_win.cc, line 307
[Parent 15980, Gecko_IOThread] WARNING: file z:/build/build/src/ipc/chromium/src/chrome/common/ipc_channel_win.cc, line 307
console.error: BroadcastService: 
  receivedBroadcastMessage: handler for
  remote-settings/monitor_changes
  threw error:
  Message: Error: Polling for changes failed: NetworkError when attempting to fetch resource..
  Stack:
    remoteSettingsFunction/remoteSettings.pollChanges@resource://services-settings/remote-settings.js:721:13

[Parent 15980, Gecko_IOThread] WARNING: pipe error: 109: file z:/build/build/src/ipc/chromium/src/chrome/common/ipc_channel_win.cc, line 346
[Parent 15980, Gecko_IOThread] WARNING: pipe error: 109: file z:/build/build/src/ipc/chromium/src/chrome/common/ipc_channel_win.cc, line 346
[Parent 15980, Gecko_IOThread] WARNING: pipe error: 109: file z:/build/build/src/ipc/chromium/src/chrome/common/ipc_channel_win.cc, line 346
[Child 16640, Chrome_ChildThread] WARNING: pipe error: 109: file z:/build/build/src/ipc/chromium/src/chrome/common/ipc_channel_win.cc, line 346
[Child 16641543887341124	Marionette	INFO	Stopped listening on port 52307

###!!! [Child][RunMessage] Error: Channel closing: too late to send/recv, messages will be lost

[GPU 1
###!!! [Child][MessageChannel::SendAndWait] Error: Channel error: cannot send/recv

1543887352579	mozrunner::runner	INFO	Running command: "C:\\Program Files\\Mozilla Firefox\\firefox.exe" "-marionette" "-foreground" "-no-remote" "-profile" "C:\\Users\\KREATT~1\\AppData\\Local\\Temp\\rust_mozprofile.msahmnIAVsek"
1543887356680	Marionette	INFO	Listening on port 52406
1543887357018	Marionette	WARN	TLS certificate errors will be ignored for this session
[Parent 16904, Gecko_IOThread] WARNING: file z:/build/build/src/ipc/chromium/src/chrome/common/ipc_channel_win.cc, line 307
[Parent 16904, Gecko_IOThread] WARNING: file z:/build/build/src/ipc/chromium/src/chrome/common/ipc_channel_win.cc, line 307
[Parent 16904, Gecko_IOThread] WARNING: pipe error: 109: file z:/build/build/src/ipc/chromium/src/chrome/common/ipc_channel_win.cc, line 346
[Parent 16904, Gecko_IOThread] WARNING: pipe error: 109: file z:/build/build/src/ipc/chromium/src/chrome/common/ipc_channel_win.cc, line 346
[Child 17088, Chrome_ChildThread] WARNING: pipe error: 109: file z:/build/build/src/ipc/chromium/src/chrome/common/ipc_channel_win.cc, line 346
[Child 17088, Chrome_ChildThread] WARNING: pipe error: 109: file z:/build/build/src/ipc/chromium/src/chrome/common/ipc_channel_win.cc, line 346
[Parent 16904, Gecko_IOThread] WARNING: pipe error: 109: file z:/build/build/src/ipc/chromium/src/chrome/common/ipc_channel_win.cc, line 346
[Child 16984, Chrome_ChildThread] WARNING: pipe error: 109: file z:/build/build/src/ipc/chromium/src/chrome/common/ipc_channel_win.cc, line 346
1543887709270	Marionette	INFO	Stopped listening on port 52406

###!!! [Child][RunMessage] Error: Channel closing: too late to send/recv, messages will be lost


###!!! [Child][MessageChannel::SendAndWait] Error: Channel error: cannot send/recv

1543887714086	mozrunner::runner	INFO	Running command: "C:\\Program Files\\Mozilla Firefox\\firefox.exe" "-marionette" "-foreground" "-no-remote" "-profile" "C:\\Users\\KREATT~1\\AppData\\Local\\Temp\\rust_mozprofile.A6vwYMK8kyk3"
1543887718042	Marionette	INFO	Listening on port 52601
1543887718506	Marionette	WARN	TLS certificate errors will be ignored for this session
[Parent 16800, Gecko_IOThread] WARNING: file z:/build/build/src/ipc/chromium/src/chrome/common/ipc_channel_win.cc, line 307
[Parent 16800, Gecko_IOThread] WARNING: file z:/build/build/src/ipc/chromium/src/chrome/common/ipc_channel_win.cc, line 307
[Parent 16800, Gecko_IOThread] WARNING: pipe error: 109: file z:/build/build/src/ipc/chromium/src/chrome/common/ipc_channel_win.cc, line 346
[Child 14460, Chrome_ChildThread] WARNING: pipe error: 109: file z:/build/build/src/ipc/chromium/src/chrome/common/ipc_channel_win.cc, line 346
[Child 14460, Ch[Parent 16800, Gecko_IOThread] WARNING: pipe error: 109: file z:/build/build/src/ipc/chromium/src/chrome/common/ipc_channel_win.cc, line 346
[Child 10508, Chrome_ChildThread] WARNING: pipe error: 109: file z:/build/build/src/ipc/chromium/src/chrome/common/ipc_channel_win.cc, line 346
1543887835592	Marionette	INFO	Stopped listening on port 52601

###!!! [Child][RunMessage] Error: Channel closing: too late to send/recv, messages will be lost

[GPU 11604, Chrome_ChildThread] WARNING: pipe error: 109
###!!! [Child][MessageChannel::SendAndWait] Error: Channel error: cannot send/recv

1543887845566	mozrunner::runner	INFO	Running command: "C:\\Program Files\\Mozilla Firefox\\firefox.exe" "-marionette" "-foreground" "-no-remote" "-profile" "C:\\Users\\KREATT~1\\AppData\\Local\\Temp\\rust_mozprofile.lbzOoTpLzBQl"
1543887849873	Marionette	INFO	Listening on port 52748
1543887850052	Marionette	WARN	TLS certificate errors will be ignored for this session
[Parent 4072, Gecko_IOThread] WARNING: file z:/build/build/src/ipc/chromium/src/chrome/common/ipc_channel_win.cc, line 307
[Parent 4072, Gecko_IOThread] WARNING: file z:/build/build/src/ipc/chromium/src/chrome/common/ipc_channel_win.cc, line 307
[Parent 4072, Gecko_IOThread] WARNING: pipe error: 109: file z:/build/build/src/ipc/chromium/src/chrome/common/ipc_channel_win.cc, line 346
[Parent 4072, Gecko_IOThread] WARNING: pipe error: 109: file z:/build/build/src/ipc/chromium/src/chrome/common/ipc_channel_win.cc, line 346
[Child 4204, Chrome_ChildThread] WARNING: pipe error: 109: file z:/build/build/src/ipc/chromium/src/chrome/common/ipc_channel_win.cc, line 346
[Child 4204, Chrome_ChildThre[Parent 4072, Gecko_IOThread] WARNING: pipe error: 109: file z:/build/build/src/ipc/chromium/src/chrome/common/ipc_channel_win.cc, line 346
1543887983168	Marionette	INFO	Stopped listening on port 52748

###!!! [Child][RunMessage] Error: Channel closing: too late to send/recv, messages will be lost


###!!! [Child][MessageChannel::SendAndWait] Error: Channel error: cannot send/recv

1543887987792	mozrunner::runner	INFO	Running command: "C:\\Program Files\\Mozilla Firefox\\firefox.exe" "-marionette" "-foreground" "-no-remote" "-profile" "C:\\Users\\KREATT~1\\AppData\\Local\\Temp\\rust_mozprofile.6wR4EBhNsgMq"
1543887993525	Marionette	INFO	Listening on port 52911
1543887993594	Marionette	WARN	TLS certificate errors will be ignored for this session
[Parent 17352, Gecko_IOThread] WARNING: file z:/build/build/src/ipc/chromium/src/chrome/common/ipc_channel_win.cc, line 307
[Parent 17352, Gecko_IOThread] WARNING: file z:/build/build/src/ipc/chromium/src/chrome/common/ipc_channel_win.cc, line 307
console.error: BroadcastService: 
  receivedBroadcastMessage: handler for
  remote-settings/monitor_changes
  threw error:
  Message: Error: Polling for changes failed: NetworkError when attempting to fetch resource..
  Stack:
    remoteSettingsFunction/remoteSettings.pollChanges@resource://services-settings/remote-settings.js:721:13

[Child 2184, Chrome_ChildThread] WARNING: pipe error: 109: file z:/build/build/src/ipc/chromium/src/chrome/common/ipc_channel_win.cc, line 346
[Parent 17352, Gecko_IOThread] WARNING: pipe error: 109: file z:/build/build/src/ipc/chromium/src/chrome/common/ipc_channel_win.cc, line 346
[Child 5732, Chrome_ChildThread] WARNING: pipe error: 109: file z:/build/build/src/ipc/chromium/src/chrome/common/ipc_channel_win.cc, line 346
1543888308839	Marionette	INFO	Stopped listening on port 52911
[GPU 14
###!!! [Child][MessageChannel::SendAndWait] Error: Channel error: cannot send/recv

1543888314493	mozrunner::runner	INFO	Running command: "C:\\Program Files\\Mozilla Firefox\\firefox.exe" "-marionette" "-foreground" "-no-remote" "-profile" "C:\\Users\\KREATT~1\\AppData\\Local\\Temp\\rust_mozprofile.uo5uohwrxOuH"
1543888318967	Marionette	INFO	Listening on port 53194
1543888319008	Marionette	WARN	TLS certificate errors will be ignored for this session
[Parent 12788, Gecko_IOThread] WARNING: file z:/build/build/src/ipc/chromium/src/chrome/common/ipc_channel_win.cc, line 307
[Parent 12788, Gecko_IOThread] WARNING: file z:/build/build/src/ipc/chromium/src/chrome/common/ipc_channel_win.cc, line 307
console.error: BroadcastService: 
  receivedBroadcastMessage: handler for
  remote-settings/monitor_changes
  threw error:
  Message: Error: Polling for changes failed: NetworkError when attempting to fetch resource..
  Stack:
    remoteSettingsFunction/remoteSettings.pollChanges@resource://services-settings/remote-settings.js:721:13

[Parent 12788, Gecko_IOThread] WARNING: pipe error: 109: file z:/build/build/src/ipc/chromium/src/chrome/common/ipc_channel_win.cc, line 346
1543888648426	Marionette	INFO	Stopped listening on port 53194

###!!! [Child][RunMessage] Error: Channel closing: too late to send/recv, messages will be lost

[GP
###!!! [Child][MessageChannel::SendAndWait] Error: Channel error: cannot send/recv

1543888707035	mozrunner::runner	INFO	Running command: "C:\\Program Files\\Mozilla Firefox\\firefox.exe" "-marionette" "-foreground" "-no-remote" "-profile" "C:\\Users\\KREATT~1\\AppData\\Local\\Temp\\rust_mozprofile.bXcHdx8gIrRk"
1543888711215	Marionette	INFO	Listening on port 53472
1543888711633	Marionette	WARN	TLS certificate errors will be ignored for this session
[Child 11432, Chrome_ChildThread] WARNING: pipe error: 232: file z:/build/build/src/ipc/chromium/src/chrome/common/ipc_channel_win.cc, line 513
[Child 11432, Chrome_ChildThread] WARNING: pipe error: 109: file z:/build/build/src/ipc/chromium/src/chrome/common/ipc_channel_win.cc, line 346
[Child 114[Parent 4064, Gecko_IOThread] WARNING: pipe error: 109: file z:/build/build/src/ipc/chromium/src/chrome/common/ipc_channel_win.cc, line 346
[Child 13336, Chrome_ChildThread] WARNING: pipe error: 109: file z:/build/build/src/ipc/chromium/src/chrome/common/ipc_channel_win.cc, line 346
[Ch1543888726407	Marionette	INFO	Stopped listening on port 53472
[GPU 60
###!!! [Child][MessageChannel::SendAndWait] Error: Channel error: cannot send/recv

1543888748325	mozrunner::runner	INFO	Running command: "C:\\Program Files\\Mozilla Firefox\\firefox.exe" "-marionette" "-foreground" "-no-remote" "-profile" "C:\\Users\\KREATT~1\\AppData\\Local\\Temp\\rust_mozprofile.Nd4zIJbFv4Zm"
1543888753042	Marionette	INFO	Listening on port 53550
1543888753463	Marionette	WARN	TLS certificate errors will be ignored for this session
JavaScript error: chrome://browser/content/urlbarBindings.xml, line 2709: NS_ERROR_FAILURE: Component returned failure code: 0x80004005 (NS_ERROR_FAILURE) [nsIAutoCompleteController.getStyleAt]
[Parent 16264, Gecko_IOThread] WARNING: pipe error: 109: file z:/build/build/src/ipc/chromium/src/chrome/common/ipc_channel_win.cc, line 346
[Child 1092, Chrome_ChildThread] WARNING: pipe error: 109: file z:/build/build/src/ipc/chromium/src/chrome/common/ipc[Parent 16264, Gecko_IOThread] WARNING: pipe error: 109: file z:/build/build/src/ipc/chromium/src/chrome/common/ipc_channel_win.cc, line 346
[Child 13424, Chrome_ChildThread] WARNING: pipe error: 109: file z:/build/build/src/ipc/chromium/src/chrome/common/ipc_channel_win.cc, line 346
[Child 13424, Chrome_ChildThread] WARNING: pipe error_channel_win.cc, line 346
[1543888824626	Marionette	INFO	Stopped listening on port 53550

###!!! [Child][RunMessage] Error: Channel closing: too late to send/recv, messages will be lost

[GPU 612
###!!! [Child][MessageChannel::SendAndWait] Error: Channel error: cannot send/recv

1543888835101	mozrunner::runner	INFO	Running command: "C:\\Program Files\\Mozilla Firefox\\firefox.exe" "-marionette" "-foreground" "-no-remote" "-profile" "C:\\Users\\KREATT~1\\AppData\\Local\\Temp\\rust_mozprofile.qt1ywkgbEf5a"
1543888838898	Marionette	INFO	Listening on port 53655
1543888839008	Marionette	WARN	TLS certificate errors will be ignored for this session
[Parent 13596, Gecko_IOThread] WARNING: pipe error: 109: file z:/build/build/src/ipc/chromium/src/chrome/common/ipc_channel_win.cc, line 346

###!!! [Child][RunMessage] Error: Channel closing: too late to send/recv, messages will be lost

[Parent 13596, Gecko_IOThread] WARNING: pipe error: 109: file z:/build/build/src/ipc/chromium/src/chrome/common/ipc_channel_win.cc, line 346
[Child 2020, Chrome_ChildThread] WARNING: pipe error: 109: file z:/build/build/src/ipc/chromium/src/chrome/common/ipc_channel_win.cc, line 346
1543888863990	Marionette	INFO	Stopped listening on port 53655

###!!! [Child][RunMessage] Error: Channel closing: too late to send/recv, messages will be lost

[GPU 
###!!! [Child][MessageChannel::SendAndWait] Error: Channel error: cannot send/recv

1543888868290	mozrunner::runner	INFO	Running command: "C:\\Program Files\\Mozilla Firefox\\firefox.exe" "-marionette" "-foreground" "-no-remote" "-profile" "C:\\Users\\KREATT~1\\AppData\\Local\\Temp\\rust_mozprofile.85D8QumWbfV7"
1543888872278	Marionette	INFO	Listening on port 53719
1543888872711	Marionette	WARN	TLS certificate errors will be ignored for this session

###!!! [Child][RunMessage] Error: Channel closing: too late to send/recv, messages will be lost

[Parent 16528, Gecko_IOThread] WARNING: pipe error: 109: file z:/build/build/src/ipc/chromium/src/chrome/common/ipc_channel_win.cc, line 346
1543888892874	Marionette	INFO	Stopped listening on port 53719

###!!! [Child][RunMessage] Error: Channel closing: too late to send/recv, messages will be lost

[GPU 15
###!!! [Child][MessageChannel::SendAndWait] Error: Channel error: cannot send/recv

1543888897271	mozrunner::runner	INFO	Running command: "C:\\Program Files\\Mozilla Firefox\\firefox.exe" "-marionette" "-foreground" "-no-remote" "-profile" "C:\\Users\\KREATT~1\\AppData\\Local\\Temp\\rust_mozprofile.s05LG0OdG3uh"
1543888900990	Marionette	INFO	Listening on port 53779
1543888901273	Marionette	WARN	TLS certificate errors will be ignored for this session
[Parent 5324, Gecko_IOThread] WARNING: file z:/build/build/src/ipc/chromium/src/chrome/common/ipc_channel_win.cc, line 307
[Parent 5324, Gecko_IOThread] WARNING: file z:/build/build/src/ipc/chromium/src/chrome/common/ipc_channel_win.cc, line 307
console.error: BroadcastService: 
  receivedBroadcastMessage: handler for
  remote-settings/monitor_changes
  threw error:
  Message: Error: Polling for changes failed: NetworkError when attempting to fetch resource..
  Stack:
    remoteSettingsFunction/remoteSettings.pollChanges@resource://services-settings/remote-settings.js:721:13

[Parent 5324, Gecko_IOThread] WARNING: pipe error: 109: file z:/build/build/src/ipc/chromium/src/chrome/common/ipc_channel_win.cc, line 346
[Child 480, Chrome_ChildThread] WARNING: pipe error: 109: file z:/build/build/src/ipc/chromium/src/chrome/common/ipc_channel_win.cc, line 346
[Child 7164, Chrome_ChildThread] WARNING: pipe error: 109: file z:/build/build/src/ipc/chromium/src/chrome/common/ipc_channel_win.cc, line 346
[Child 7164, Chrome_ChildThread] W[Parent 5324, Gecko_IOThread] WARNING: pipe error: 109: file z:/build/build/src/ipc/chromium/src/chrome/common/ipc_channel_win.cc, line 346
[Child 10576, Chrome_ChildThread] WARNING: pipe error: 109: file z:/build/build/src/ipc/chromium/src/chrome/common/ipc_channel_win.cc, line 346
[Child1543889153113	Marionette	INFO	Stopped listening on port 53779
[GPU 
###!!! [Child][MessageChannel::SendAndWait] Error: Channel error: cannot send/recv

1543889161919	mozrunner::runner	INFO	Running command: "C:\\Program Files\\Mozilla Firefox\\firefox.exe" "-marionette" "-foreground" "-no-remote" "-profile" "C:\\Users\\KREATT~1\\AppData\\Local\\Temp\\rust_mozprofile.NWfCwto9AIqr"
1543889165929	Marionette	INFO	Listening on port 54008
1543889166338	Marionette	WARN	TLS certificate errors will be ignored for this session
[Parent 14164, Gecko_IOThread] WARNING: file z:/build/build/src/ipc/chromium/src/chrome/common/ipc_channel_win.cc, line 307
[Parent 14164, Gecko_IOThread] WARNING: file z:/build/build/src/ipc/chromium/src/chrome/common/ipc_channel_win.cc, line 307
console.error: BroadcastService: 
  receivedBroadcastMessage: handler for
  remote-settings/monitor_changes
  threw error:
  Message: Error: Polling for changes failed: NetworkError when attempting to fetch resource..
  Stack:
    remoteSettingsFunction/remoteSettings.pollChanges@resource://services-settings/remote-settings.js:721:13

[Parent 14164, Gecko_IOThread] WARNING: pipe error: 109: file z:/build/build/src/ipc/chromium/src/chrome/common/ipc_channel_win.cc, line 346
[Parent 14164, Gecko_IOThread] WARNING: pipe error: 109: file z:/build/build/src/ipc/chromium/src/chrome/common/ipc_channel_win.cc, line 346
[Ch
###!!! [Parent][MessageChannel] Error: (msgtype=0x190091,name=PBrowser::Msg_UpdateNativeWindowHandle) Closed channel: cannot send/recv

il
###!!! [Parent][MessageChannel] Error: (msgtype=0x190084,name=PBrowser::Msg_Destroy) Closed channel: cannot send/recv

d 15760, Chrome_ChildThread] WARNING: pipe error: 109: file z:/build/build/src/ipc/chromium/src/chrome/common/ipc_channel_win.cc, line 346

###!!! [Child][MessageChannel] Error: (msgtype=0x190001,name=PBrowser::Msg_AsyncMessage) Closed channel: cannot send/recv

JavaScript error: resource:///actors/AboutReaderChild.jsm, line 78: NS_ERROR_UNEXPECTED: 

###!!! [Child][MessageChannel] Error: (msgtype=0x19002C,name=PBrowser::Msg_SetInputContext) Closed channel: cannot send/recv


###!!! [Child][MessageChannel] Error: (msgtype=0x300116,name=PContent::Msg_DetachBrowsingContext) Closed channel: cannot send/recv

[Parent 14164, Gecko_IOThread] WARNING: pipe error: 109: file z:/build/build/src/ipc/chromium/src/chrome/common/ipc_channel_win.cc, line 346
[Child 13996, Chrome_ChildThread] WARNING: pipe error: 109: file z:/build/build/src/ipc/chromium/src/chrome/common/ipc_channel_win.cc, line 346
[